<?xml version="1.0" encoding="UTF-8"?>
<!-- Generated by org.testng.reporters.JUnitReportReporter -->
<testsuite hostname="LAPTOP-ODIGID66" failures="0" tests="2" name="superadmin.Login" time="14.584" errors="0" timestamp="2024-08-22T12:47:03 IST" skipped="0">
  <testcase classname="superadmin.Login" name="PositiveTest" time="8.497"/>
  <testcase classname="superadmin.Login" name="NegativeTest" time="6.087"/>
</testsuite> <!-- superadmin.Login -->
