<?xml version="1.0" encoding="UTF-8"?>
<!-- Generated by org.testng.reporters.JUnitReportReporter -->
<testsuite hostname="Ainxt-Deepali" failures="0" tests="2" name="extentreports.GoogleTestWithExtentReport" time="4.039" errors="0" timestamp="2025-05-12T17:39:10 IST" skipped="0">
  <testcase classname="extentreports.GoogleTestWithExtentReport" name="openGoogle" time="1.745"/>
  <testcase classname="extentreports.GoogleTestWithExtentReport" name="failTest" time="2.294"/>
</testsuite> <!-- extentreports.GoogleTestWithExtentReport -->
