<?xml version="1.0" encoding="UTF-8"?>
<!-- Generated by org.testng.reporters.JUnitReportReporter -->
<testsuite hostname="Ainxt-Deepali" failures="0" tests="6" name="toolsqarest.ContactFormTest" time="6.588" errors="0" timestamp="2025-06-24T12:24:14 IST" skipped="0">
  <testcase classname="toolsqarest.ContactFormTest" name="testEmptyFullName" time="1.094"/>
  <testcase classname="toolsqarest.ContactFormTest" name="testMissingCompanyName" time="0.992"/>
  <testcase classname="toolsqarest.ContactFormTest" name="testSpecialCharactersInFullName" time="1.140"/>
  <testcase classname="toolsqarest.ContactFormTest" name="testMissingRequirementField" time="0.967"/>
  <testcase classname="toolsqarest.ContactFormTest" name="testPositiveFormSubmission" time="0.995"/>
  <testcase classname="toolsqarest.ContactFormTest" name="testWhitespaceInFullName" time="1.400"/>
</testsuite> <!-- toolsqarest.ContactFormTest -->
