<?xml version="1.0" encoding="UTF-8"?>
<!-- Generated by org.testng.reporters.JUnitReportReporter -->
<testsuite hostname="Ainxt-Deepali" failures="0" tests="9" name="saasjourney.OTPFieldValidation" time="31.275" errors="0" timestamp="2025-04-23T12:18:13 IST" skipped="0">
  <testcase classname="saasjourney.OTPFieldValidation" name="testBlankOTPNumber" time="5.240"/>
  <testcase classname="saasjourney.OTPFieldValidation" name="testOnlySpacesInOTPField" time="4.162"/>
  <testcase classname="saasjourney.OTPFieldValidation" name="testNumericKeyboardOpens" time="3.049"/>
  <testcase classname="saasjourney.OTPFieldValidation" name="testEnterValidOTPNumber" time="3.125"/>
  <testcase classname="saasjourney.OTPFieldValidation" name="testSpecialCharactersAndAlphabets" time="3.170"/>
  <testcase classname="saasjourney.OTPFieldValidation" name="testLessThan4Digits" time="3.116"/>
  <testcase classname="saasjourney.OTPFieldValidation" name="testMoreThan4Digits" time="3.158"/>
  <testcase classname="saasjourney.OTPFieldValidation" name="testNonBreakingSpace" time="3.136"/>
  <testcase classname="saasjourney.OTPFieldValidation" name="testLeadingZerosInOTP" time="3.119"/>
</testsuite> <!-- saasjourney.OTPFieldValidation -->
