<?xml version="1.0" encoding="UTF-8"?>
<!-- Generated by org.testng.reporters.JUnitReportReporter -->
<testsuite hostname="Ainxt-Deepali" failures="0" tests="1" name="toolsqarest.RestAssuredAPITest" time="2.538" errors="0" timestamp="2025-04-08T11:59:15 IST" skipped="0">
  <testcase classname="toolsqarest.RestAssuredAPITest" name="GetBooksDetails" time="2.538"/>
</testsuite> <!-- toolsqarest.RestAssuredAPITest -->
