<?xml version="1.0" encoding="UTF-8"?>
<!-- Generated by org.testng.reporters.JUnitReportReporter -->
<testsuite hostname="Ainxt-Deepali" failures="0" tests="1" name="postman.AadharMaskingTest" time="95.670" errors="0" timestamp="2025-06-26T15:12:20 IST" skipped="0">
  <testcase classname="postman.AadharMaskingTest" name="runMaskingFlow" time="95.670"/>
</testsuite> <!-- postman.AadharMaskingTest -->
