<?xml version="1.0" encoding="UTF-8"?>
<!-- Generated by org.testng.reporters.JUnitReportReporter -->
<testsuite hostname="LAPTOP-ODIGID66" failures="0" tests="1" name="website.login" time="3.426" errors="0" timestamp="2024-08-07T10:18:13 IST" skipped="0">
  <testcase classname="website.login" name="postitive" time="3.426"/>
</testsuite> <!-- website.login -->
