<?xml version="1.0" encoding="UTF-8"?>
<!-- Generated by org.testng.reporters.JUnitReportReporter -->
<testsuite hostname="LAPTOP-ODIGID66" failures="0" tests="1" name="superadmin.Category" time="8.490" errors="0" timestamp="2024-08-28T12:50:47 IST" skipped="0">
  <testcase classname="superadmin.Category" name="positiveTest" time="8.490"/>
</testsuite> <!-- superadmin.Category -->
