<?xml version="1.0" encoding="UTF-8"?>
<!-- Generated by org.testng.reporters.JUnitReportReporter -->
<testsuite hostname="LAPTOP-ODIGID66" failures="0" tests="1" name="superadmin.Company" time="3.655" errors="0" timestamp="2024-08-28T12:07:29 IST" skipped="0">
  <testcase classname="superadmin.Company" name="positiveTest" time="3.655"/>
</testsuite> <!-- superadmin.Company -->
