<?xml version="1.0" encoding="UTF-8"?>
<!-- Generated by org.testng.reporters.JUnitReportReporter -->
<testsuite hostname="Ainxt-Deepali" failures="0" tests="1" name="postman.AadharMaskingApiTest" time="3.826" errors="1" timestamp="2025-06-25T10:25:01 IST" skipped="0">
  <testcase classname="postman.AadharMaskingApiTest" name="runMaskingRegression" time="3.826">
    <error message="String literals in formulas can&#039;t be bigger than 255 characters ASCII" type="java.lang.IllegalArgumentException">
      <![CDATA[java.lang.IllegalArgumentException: String literals in formulas can't be bigger than 255 characters ASCII
at org.apache.poi.ss.formula.ptg.StringPtg.<init>(StringPtg.java:65)
at org.apache.poi.ss.formula.FormulaParser.parseSimpleFactor(FormulaParser.java:1546)
at org.apache.poi.ss.formula.FormulaParser.percentFactor(FormulaParser.java:1514)
at org.apache.poi.ss.formula.FormulaParser.powerFactor(FormulaParser.java:1501)
at org.apache.poi.ss.formula.FormulaParser.Term(FormulaParser.java:1875)
at org.apache.poi.ss.formula.FormulaParser.additiveExpression(FormulaParser.java:2002)
at org.apache.poi.ss.formula.FormulaParser.concatExpression(FormulaParser.java:1986)
at org.apache.poi.ss.formula.FormulaParser.comparisonExpression(FormulaParser.java:1943)
at org.apache.poi.ss.formula.FormulaParser.intersectionExpression(FormulaParser.java:1916)
at org.apache.poi.ss.formula.FormulaParser.Arguments(FormulaParser.java:1487)
at org.apache.poi.ss.formula.FormulaParser.function(FormulaParser.java:1360)
at org.apache.poi.ss.formula.FormulaParser.parseNonRange(FormulaParser.java:903)
at org.apache.poi.ss.formula.FormulaParser.parseRangeable(FormulaParser.java:498)
at org.apache.poi.ss.formula.FormulaParser.parseRangeExpression(FormulaParser.java:327)
at org.apache.poi.ss.formula.FormulaParser.parseSimpleFactor(FormulaParser.java:1556)
at org.apache.poi.ss.formula.FormulaParser.percentFactor(FormulaParser.java:1514)
at org.apache.poi.ss.formula.FormulaParser.powerFactor(FormulaParser.java:1501)
at org.apache.poi.ss.formula.FormulaParser.Term(FormulaParser.java:1875)
at org.apache.poi.ss.formula.FormulaParser.additiveExpression(FormulaParser.java:2002)
at org.apache.poi.ss.formula.FormulaParser.concatExpression(FormulaParser.java:1986)
at org.apache.poi.ss.formula.FormulaParser.comparisonExpression(FormulaParser.java:1943)
at org.apache.poi.ss.formula.FormulaParser.intersectionExpression(FormulaParser.java:1916)
at org.apache.poi.ss.formula.FormulaParser.unionExpression(FormulaParser.java:1897)
at org.apache.poi.ss.formula.FormulaParser.parse(FormulaParser.java:2044)
at org.apache.poi.ss.formula.FormulaParser.parse(FormulaParser.java:175)
at org.apache.poi.xssf.usermodel.XSSFCell.setFormula(XSSFCell.java:486)
at org.apache.poi.xssf.usermodel.XSSFCell.setCellFormulaImpl(XSSFCell.java:466)
at org.apache.poi.ss.usermodel.CellBase.setCellFormula(CellBase.java:124)
at postman.AadharMaskingApiTest.runMaskingRegression(AadharMaskingApiTest.java:92)
at java.base/jdk.internal.reflect.DirectMethodHandleAccessor.invoke(DirectMethodHandleAccessor.java:103)
at java.base/java.lang.reflect.Method.invoke(Method.java:580)
at org.testng.internal.invokers.MethodInvocationHelper.invokeMethod(MethodInvocationHelper.java:141)
at org.testng.internal.invokers.TestInvoker.invokeMethod(TestInvoker.java:687)
at org.testng.internal.invokers.TestInvoker.invokeTestMethod(TestInvoker.java:230)
at org.testng.internal.invokers.MethodRunner.runInSequence(MethodRunner.java:63)
at org.testng.internal.invokers.TestInvoker$MethodInvocationAgent.invoke(TestInvoker.java:995)
at org.testng.internal.invokers.TestInvoker.invokeTestMethods(TestInvoker.java:203)
at org.testng.internal.invokers.TestMethodWorker.invokeTestMethods(TestMethodWorker.java:154)
at org.testng.internal.invokers.TestMethodWorker.run(TestMethodWorker.java:134)
at java.base/java.util.ArrayList.forEach(ArrayList.java:1597)
at org.testng.TestRunner.privateRun(TestRunner.java:741)
at org.testng.TestRunner.run(TestRunner.java:616)
at org.testng.SuiteRunner.runTest(SuiteRunner.java:421)
at org.testng.SuiteRunner.runSequentially(SuiteRunner.java:413)
at org.testng.SuiteRunner.privateRun(SuiteRunner.java:373)
at org.testng.SuiteRunner.run(SuiteRunner.java:312)
at org.testng.SuiteRunnerWorker.runSuite(SuiteRunnerWorker.java:52)
at org.testng.SuiteRunnerWorker.run(SuiteRunnerWorker.java:95)
at org.testng.TestNG.runSuitesSequentially(TestNG.java:1274)
at org.testng.TestNG.runSuitesLocally(TestNG.java:1208)
at org.testng.TestNG.runSuites(TestNG.java:1112)
at org.testng.TestNG.run(TestNG.java:1079)
at org.testng.remote.AbstractRemoteTestNG.run(AbstractRemoteTestNG.java:115)
at org.testng.remote.RemoteTestNG.initAndRun(RemoteTestNG.java:293)
at org.testng.remote.RemoteTestNG.main(RemoteTestNG.java:91)
]]>
    </error>
  </testcase> <!-- runMaskingRegression -->
</testsuite> <!-- postman.AadharMaskingApiTest -->
