<?xml version="1.0" encoding="UTF-8"?>
<!-- Generated by org.testng.reporters.JUnitReportReporter -->
<testsuite hostname="LAPTOP-ODIGID66" failures="0" tests="1" name="superadmin.API" time="9.148" errors="0" timestamp="2024-08-28T14:53:15 IST" skipped="0">
  <testcase classname="superadmin.API" name="positiveTest" time="9.148"/>
</testsuite> <!-- superadmin.API -->
