<?xml version="1.0" encoding="UTF-8"?>
<!-- Generated by org.testng.reporters.JUnitReportReporter -->
<testsuite hostname="Ainxt-Deepali" failures="0" tests="1" name="postman.DockerPanMaskingTest" time="10.375" errors="0" timestamp="2025-06-26T14:46:09 IST" skipped="0">
  <testcase classname="postman.DockerPanMaskingTest" name="runMaskingFlow" time="10.375"/>
</testsuite> <!-- postman.DockerPanMaskingTest -->
