<?xml version="1.0" encoding="UTF-8"?>
<!-- Generated by org.testng.reporters.JUnitReportReporter -->
<testsuite hostname="Ainxt-Deepali" failures="0" tests="4" name="website.contactus" time="4.121" errors="0" timestamp="2025-01-02T11:14:08 IST" skipped="0">
  <testcase classname="website.contactus" name="emptySpace" time="1.351"/>
  <testcase classname="website.contactus" name="emptyClick" time="0.534"/>
  <testcase classname="website.contactus" name="invalidInput" time="1.094"/>
  <testcase classname="website.contactus" name="requiredField" time="1.142"/>
</testsuite> <!-- website.contactus -->
