<?xml version="1.0" encoding="UTF-8"?>
<!-- Generated by org.testng.reporters.JUnitReportReporter -->
<testsuite hostname="LAPTOP-ODIGID66" failures="0" tests="1" name="superadmin.Plan" time="10.683" errors="0" timestamp="2024-08-28T15:29:33 IST" skipped="0">
  <testcase classname="superadmin.Plan" name="positiveTest" time="10.683"/>
</testsuite> <!-- superadmin.Plan -->
