<?xml version="1.0" encoding="UTF-8"?>
<!-- Generated by org.testng.reporters.JUnitReportReporter -->
<testsuite hostname="LAPTOP-ODIGID66" failures="0" tests="1" name="superadmin.Job" time="11.008" errors="0" timestamp="2024-08-28T16:13:26 IST" skipped="0">
  <testcase classname="superadmin.Job" name="positiveTest" time="11.008"/>
</testsuite> <!-- superadmin.Job -->
