<?xml version="1.0" encoding="UTF-8"?>
<!-- Generated by org.testng.reporters.JUnitReportReporter -->
<testsuite hostname="LAPTOP-ODIGID66" failures="0" tests="4" name="superadmin.User" time="3.748" errors="0" timestamp="2024-08-26T15:56:07 IST" skipped="0">
  <testcase classname="superadmin.User" name="positiveTest" time="2.751"/>
  <testcase classname="superadmin.User" name="negativeTest" time="0.521"/>
  <testcase classname="superadmin.User" name="emptyClick" time="0.136"/>
  <testcase classname="superadmin.User" name="emptySpace" time="0.340"/>
</testsuite> <!-- superadmin.User -->
