<?xml version="1.0" encoding="UTF-8"?>
<!-- Generated by org.testng.reporters.JUnitReportReporter -->
<testsuite hostname="Ainxt-Deepali" failures="0" tests="1" name="toolsqarest.AddObjectApiTest" time="2.188" errors="0" timestamp="2025-04-17T10:47:25 IST" skipped="0">
  <testcase classname="toolsqarest.AddObjectApiTest" name="testContactFormAPIWithEncryption" time="2.188"/>
</testsuite> <!-- toolsqarest.AddObjectApiTest -->
